06-22-2021 @ 12:12:39 - ---[ New import started at 2021-06-22 12:12:39 ] PHP Memory: 500 MB, WP Memory: 40 MB
06-22-2021 @ 12:12:39 - Preparing for import.
06-22-2021 @ 12:12:39 - Row :1 - Parsing item.
06-22-2021 @ 12:12:40 - Importing as new product ID:36046
06-22-2021 @ 12:12:40 - Row :1 - Processing item.
06-22-2021 @ 12:12:40 - Found simple product object. ID:36046
06-22-2021 @ 12:12:40 - Setting Featured Image. URL:https://shajao.com/wp-content/uploads/2020/09/online-payment-providers.png
06-22-2021 @ 12:12:41 - Attachment ID:37030
06-22-2021 @ 12:12:42 - Row :1 - Product imported successfully.
06-22-2021 @ 12:12:42 - Row :2 - Parsing item.
06-22-2021 @ 12:12:42 - Importing as new product ID:36075
06-22-2021 @ 12:12:42 - Row :2 - Processing item.
06-22-2021 @ 12:12:42 - Found simple product object. ID:36075
06-22-2021 @ 12:12:42 - Setting Featured Image. URL:https://shajao.com/wp-content/uploads/2020/09/3-canvas-glue-1.jpg
06-22-2021 @ 12:12:43 - Attachment ID:37031
06-22-2021 @ 12:12:43 - Row :2 - Product imported successfully.
06-22-2021 @ 12:12:43 - Row :3 - Parsing item.
06-22-2021 @ 12:12:43 - Importing as new product ID:36291
06-22-2021 @ 12:12:43 - Row :3 - Processing item.
06-22-2021 @ 12:12:43 - Found simple product object. ID:36291
06-22-2021 @ 12:12:43 - Setting Featured Image. URL:https://shajao.com/wp-content/uploads/2020/09/hexagon-mirror-shajao-3.jpg
06-22-2021 @ 12:12:44 - Attachment ID:37032
06-22-2021 @ 12:12:44 - Setting Gallery Images.
06-22-2021 @ 12:12:44 - Image URL:https://shajao.com/wp-content/uploads/2020/09/2...................jpg
06-22-2021 @ 12:12:47 - Attachment ID:37033
06-22-2021 @ 12:12:47 - Image URL:https://shajao.com/wp-content/uploads/2020/09/1..........jpg
06-22-2021 @ 12:12:53 - Attachment ID:37034
06-22-2021 @ 12:12:53 - Image URL:https://shajao.com/wp-content/uploads/2020/09/hexagon-mirror-close-visual.jpg
06-22-2021 @ 12:13:00 - Attachment ID:37035
06-22-2021 @ 12:13:00 - Row :3 - Product imported successfully.
06-22-2021 @ 12:13:00 - Row :4 - Parsing item.
06-22-2021 @ 12:13:00 - Importing as new product ID:36305
06-22-2021 @ 12:13:00 - Row :4 - Processing item.
06-22-2021 @ 12:13:00 - Found simple product object. ID:36305
06-22-2021 @ 12:13:00 - Setting Featured Image. URL:https://shajao.com/wp-content/uploads/2020/09/hexagon_15_mirror_pr_rHJvT.jpg
06-22-2021 @ 12:13:02 - Attachment ID:37036
06-22-2021 @ 12:13:02 - Setting Gallery Images.
06-22-2021 @ 12:13:02 - Image URL:https://shajao.com/wp-content/uploads/2020/09/hexagon-mirror-close-visual.jpg
06-22-2021 @ 12:13:02 - Attachment ID:37035
06-22-2021 @ 12:13:02 - Row :4 - Product imported successfully.
06-22-2021 @ 12:13:02 - Row :5 - Parsing item.
06-22-2021 @ 12:13:02 - Importing as new product ID:36456
06-22-2021 @ 12:13:02 - Row :5 - Processing item.
06-22-2021 @ 12:13:02 - Found simple product object. ID:36456
06-22-2021 @ 12:13:02 - Setting Featured Image. URL:https://shajao.com/wp-content/uploads/2020/09/1-4.jpg
06-22-2021 @ 12:13:02 - URL:https://shajao.com/wp-content/uploads/2020/09/1-4.jpg Reason:Invalid image: Sorry, this file type is not permitted for security reasons.
06-22-2021 @ 12:13:02 - Setting Gallery Images.
06-22-2021 @ 12:13:02 - Image URL:https://shajao.com/wp-content/uploads/2020/09/IMG_E3810-Sabri-Sumaita-scaled.jpg
06-22-2021 @ 12:13:05 - Attachment ID:37037
06-22-2021 @ 12:13:05 - Row :5 - Product imported successfully.
06-22-2021 @ 12:13:05 - Row :6 - Parsing item.
06-22-2021 @ 12:13:05 - Importing as new product ID:36470
06-22-2021 @ 12:13:05 - Row :6 - Processing item.
06-22-2021 @ 12:13:05 - Found simple product object. ID:36470
06-22-2021 @ 12:13:05 - Setting Featured Image. URL:https://shajao.com/wp-content/uploads/2020/09/3-3.jpg
06-22-2021 @ 12:13:07 - Attachment ID:37038
06-22-2021 @ 12:13:07 - Setting Gallery Images.
06-22-2021 @ 12:13:07 - Image URL:https://shajao.com/wp-content/uploads/2020/09/01__1_-scaled.jpg
06-22-2021 @ 12:13:15 - Attachment ID:37039
06-22-2021 @ 12:13:16 - Row :6 - Product imported successfully.
06-22-2021 @ 12:13:16 - Row :7 - Parsing item.
06-22-2021 @ 12:13:16 - Importing as new product ID:36485
06-22-2021 @ 12:13:16 - Row :7 - Processing item.
06-22-2021 @ 12:13:16 - Found simple product object. ID:36485
06-22-2021 @ 12:13:16 - Setting Featured Image. URL:https://shajao.com/wp-content/uploads/2020/09/4-2.jpg
06-22-2021 @ 12:13:18 - Attachment ID:37040
06-22-2021 @ 12:13:18 - Setting Gallery Images.
06-22-2021 @ 12:13:18 - Image URL:https://shajao.com/wp-content/uploads/2020/09/img_3609___sabri_sum_7hev3-scaled.jpg
06-22-2021 @ 12:13:26 - Attachment ID:37041
06-22-2021 @ 12:13:26 - Image URL:https://shajao.com/wp-content/uploads/2020/09/img_3604___sabri_sum_843B5-scaled.jpg
06-22-2021 @ 12:13:29 - Attachment ID:37042
06-22-2021 @ 12:13:30 - Row :7 - Product imported successfully.
06-22-2021 @ 12:13:30 - Row :8 - Parsing item.
06-22-2021 @ 12:13:30 - Importing as new product ID:36488
06-22-2021 @ 12:13:30 - Row :8 - Processing item.
06-22-2021 @ 12:13:30 - Found simple product object. ID:36488
06-22-2021 @ 12:13:30 - Setting Featured Image. URL:https://shajao.com/wp-content/uploads/2020/09/13-scaled.jpg
06-22-2021 @ 12:13:32 - Attachment ID:37043
06-22-2021 @ 12:13:32 - Setting Gallery Images.
06-22-2021 @ 12:13:32 - Image URL:https://shajao.com/wp-content/uploads/2020/09/IMG_20200908_214955-alimul-islam.jpg
06-22-2021 @ 12:13:39 - Attachment ID:37044
06-22-2021 @ 12:13:40 - Row :8 - Product imported successfully.
06-22-2021 @ 12:13:40 - Row :9 - Parsing item.
06-22-2021 @ 12:13:40 - Importing as new product ID:36491
06-22-2021 @ 12:13:40 - Row :9 - Processing item.
06-22-2021 @ 12:13:40 - Found simple product object. ID:36491
06-22-2021 @ 12:13:40 - Setting Featured Image. URL:https://shajao.com/wp-content/uploads/2020/09/6-2.jpg
06-22-2021 @ 12:13:47 - Attachment ID:37045
06-22-2021 @ 12:13:47 - Setting Gallery Images.
06-22-2021 @ 12:13:47 - Image URL:https://shajao.com/wp-content/uploads/2020/09/IMG_20200908_214513-alimul-islam-scaled.jpg
06-22-2021 @ 12:13:49 - Attachment ID:37046
06-22-2021 @ 12:13:50 - Row :9 - Product imported successfully.
06-22-2021 @ 12:13:50 - Row :10 - Parsing item.
06-22-2021 @ 12:13:50 - Importing as new product ID:36494
06-22-2021 @ 12:13:50 - Row :10 - Processing item.
06-22-2021 @ 12:13:50 - Found simple product object. ID:36494
06-22-2021 @ 12:13:50 - Setting Featured Image. URL:https://shajao.com/wp-content/uploads/2020/09/5-2.jpg
06-22-2021 @ 12:13:52 - Attachment ID:37047
06-22-2021 @ 12:13:52 - Setting Gallery Images.
06-22-2021 @ 12:13:52 - Image URL:https://shajao.com/wp-content/uploads/2020/09/IMG_20200908_214045-alimul-islam-scaled.jpg
06-22-2021 @ 12:13:54 - Attachment ID:37048
06-22-2021 @ 12:13:55 - Row :10 - Product imported successfully.
06-22-2021 @ 12:13:58 - Preparing for import.
06-22-2021 @ 12:13:58 - Row :11 - Parsing item.
06-22-2021 @ 12:13:58 - Importing as new product ID:36496
06-22-2021 @ 12:13:58 - Row :11 - Processing item.
06-22-2021 @ 12:13:58 - Found simple product object. ID:36496
06-22-2021 @ 12:13:58 - Setting Featured Image. URL:https://shajao.com/wp-content/uploads/2020/09/kkf.jpg
06-22-2021 @ 12:14:06 - Attachment ID:37049
06-22-2021 @ 12:14:06 - Setting Gallery Images.
06-22-2021 @ 12:14:06 - Image URL:https://shajao.com/wp-content/uploads/2020/09/IMG_20200908_214724-alimul-islam-scaled.jpg
06-22-2021 @ 12:14:14 - Attachment ID:37050
06-22-2021 @ 12:14:14 - Row :11 - Product imported successfully.
06-22-2021 @ 12:14:14 - Row :12 - Parsing item.
06-22-2021 @ 12:14:14 - Importing as new product ID:36498
06-22-2021 @ 12:14:14 - Row :12 - Processing item.
06-22-2021 @ 12:14:14 - Found simple product object. ID:36498
06-22-2021 @ 12:14:14 - Setting Featured Image. URL:https://shajao.com/wp-content/uploads/2020/09/Webp.net-compress-image-1-scaled.jpg
06-22-2021 @ 12:14:22 - Attachment ID:37051
06-22-2021 @ 12:14:22 - Setting Gallery Images.
06-22-2021 @ 12:14:22 - Image URL:https://shajao.com/wp-content/uploads/2020/09/IMG_20200908_213908-alimul-islam-scaled.jpg
06-22-2021 @ 12:14:30 - Attachment ID:37052
06-22-2021 @ 12:14:30 - Row :12 - Product imported successfully.
06-22-2021 @ 12:14:30 - Row :13 - Parsing item.
06-22-2021 @ 12:14:30 - Importing as new product ID:36544
06-22-2021 @ 12:14:30 - Row :13 - Processing item.
06-22-2021 @ 12:14:30 - Found simple product object. ID:36544
06-22-2021 @ 12:14:30 - Setting Featured Image. URL:https://shajao.com/wp-content/uploads/2020/09/4-3.jpg
06-22-2021 @ 12:14:32 - Attachment ID:37053
06-22-2021 @ 12:14:32 - Setting Gallery Images.
06-22-2021 @ 12:14:32 - Image URL:https://shajao.com/wp-content/uploads/2020/09/fcc2971d_276e_4f3f_8_7xJfK-scaled.jpg
06-22-2021 @ 12:14:35 - Attachment ID:37054
06-22-2021 @ 12:14:35 - Row :13 - Product imported successfully.
06-22-2021 @ 12:14:35 - Row :14 - Parsing item.
06-22-2021 @ 12:14:36 - Importing as new product ID:36545
06-22-2021 @ 12:14:36 - Row :14 - Processing item.
06-22-2021 @ 12:14:36 - Found simple product object. ID:36545
06-22-2021 @ 12:14:36 - Setting Featured Image. URL:https://shajao.com/wp-content/uploads/2020/09/5-4.jpg
06-22-2021 @ 12:14:43 - Attachment ID:37055
06-22-2021 @ 12:14:43 - Setting Gallery Images.
06-22-2021 @ 12:14:43 - Image URL:https://shajao.com/wp-content/uploads/2020/09/3ca488f6_1ce1_4c4a_b_8Rknm.jpg
06-22-2021 @ 12:14:49 - Attachment ID:37056
06-22-2021 @ 12:14:50 - Row :14 - Product imported successfully.
06-22-2021 @ 12:14:50 - Row :15 - Parsing item.
06-22-2021 @ 12:14:50 - Importing as new product ID:36546
06-22-2021 @ 12:14:50 - Row :15 - Processing item.
06-22-2021 @ 12:14:50 - Found simple product object. ID:36546
06-22-2021 @ 12:14:50 - Setting Featured Image. URL:https://shajao.com/wp-content/uploads/2020/09/6-3.jpg
06-22-2021 @ 12:14:57 - Attachment ID:37057
06-22-2021 @ 12:14:57 - Setting Gallery Images.
06-22-2021 @ 12:14:57 - Image URL:https://shajao.com/wp-content/uploads/2020/09/2001a18a_4e6d_437d_8_auhA4-scaled.jpg
06-22-2021 @ 12:15:00 - Attachment ID:37058
06-22-2021 @ 12:15:00 - Row :15 - Product imported successfully.
06-22-2021 @ 12:15:00 - Row :16 - Parsing item.
06-22-2021 @ 12:15:00 - Importing as new product ID:36547
06-22-2021 @ 12:15:00 - Row :16 - Processing item.
06-22-2021 @ 12:15:00 - Found simple product object. ID:36547
06-22-2021 @ 12:15:00 - Setting Featured Image. URL:https://shajao.com/wp-content/uploads/2020/09/7-3.jpg
06-22-2021 @ 12:15:02 - Attachment ID:37059
06-22-2021 @ 12:15:02 - Setting Gallery Images.
06-22-2021 @ 12:15:02 - Image URL:https://shajao.com/wp-content/uploads/2020/09/843e8f60_e6de_4b9b_b_V6UMm.jpg
06-22-2021 @ 12:15:04 - Attachment ID:37060
06-22-2021 @ 12:15:05 - Row :16 - Product imported successfully.
06-22-2021 @ 12:15:05 - Row :17 - Parsing item.
06-22-2021 @ 12:15:05 - Importing as new product ID:36548
06-22-2021 @ 12:15:05 - Row :17 - Processing item.
06-22-2021 @ 12:15:05 - Found simple product object. ID:36548
06-22-2021 @ 12:15:05 - Setting Featured Image. URL:https://shajao.com/wp-content/uploads/2020/09/8.jpg
06-22-2021 @ 12:15:07 - Attachment ID:37061
06-22-2021 @ 12:15:07 - Setting Gallery Images.
06-22-2021 @ 12:15:07 - Image URL:https://shajao.com/wp-content/uploads/2020/09/Webp.net-compress-image-2.jpg
06-22-2021 @ 12:15:09 - Attachment ID:37062
06-22-2021 @ 12:15:09 - Row :17 - Product imported successfully.
06-22-2021 @ 12:15:09 - Row :18 - Parsing item.
06-22-2021 @ 12:15:09 - Importing as new product ID:36597
06-22-2021 @ 12:15:09 - Row :18 - Processing item.
06-22-2021 @ 12:15:09 - Found simple product object. ID:36597
06-22-2021 @ 12:15:09 - Setting Featured Image. URL:https://shajao.com/wp-content/uploads/2020/09/banner-380x260-px.jpg
06-22-2021 @ 12:15:16 - Attachment ID:37063
06-22-2021 @ 12:15:17 - Row :18 - Product imported successfully.
06-22-2021 @ 12:15:17 - Row :19 - Parsing item.
06-22-2021 @ 12:15:17 - Importing as new product ID:36796
06-22-2021 @ 12:15:17 - Row :19 - Processing item.
06-22-2021 @ 12:15:17 - Found simple product object. ID:36796
06-22-2021 @ 12:15:17 - Setting Featured Image. URL:https://shajao.com/wp-content/uploads/2020/09/ak-4-kul.jpg
06-22-2021 @ 12:15:24 - Attachment ID:37064
06-22-2021 @ 12:15:24 - Row :19 - Product imported successfully.
06-22-2021 @ 12:15:24 - Row :20 - Parsing item.
06-22-2021 @ 12:15:24 - Importing as new product ID:36899
06-22-2021 @ 12:15:24 - Row :20 - Processing item.
06-22-2021 @ 12:15:24 - Found simple product object. ID:36899
06-22-2021 @ 12:15:24 - Setting Featured Image. URL:https://shajao.com/wp-content/uploads/2020/09/img_5779___farah_tam_Ha5fH-scaled.jpg
06-22-2021 @ 12:15:27 - Attachment ID:37065
06-22-2021 @ 12:15:27 - Row :20 - Product imported successfully.
06-22-2021 @ 12:15:30 - Preparing for import.
06-22-2021 @ 12:15:30 - Row :21 - Parsing item.
06-22-2021 @ 12:15:30 - Importing as new product ID:36903
06-22-2021 @ 12:15:30 - Row :21 - Processing item.
06-22-2021 @ 12:15:30 - Found simple product object. ID:36903
06-22-2021 @ 12:15:30 - Setting Featured Image. URL:https://shajao.com/wp-content/uploads/2020/09/img_5760___farah_tam_YKdgf-scaled.jpg
06-22-2021 @ 12:15:38 - Attachment ID:37066
06-22-2021 @ 12:15:39 - Row :21 - Product imported successfully.
06-22-2021 @ 12:15:39 - Row :22 - Parsing item.
06-22-2021 @ 12:15:39 - Importing as new product ID:36907
06-22-2021 @ 12:15:39 - Row :22 - Processing item.
06-22-2021 @ 12:15:39 - Found simple product object. ID:36907
06-22-2021 @ 12:15:39 - Setting Featured Image. URL:https://shajao.com/wp-content/uploads/2020/09/img_5801___farah_tam_uuqe5-scaled.jpg
06-22-2021 @ 12:15:41 - Attachment ID:37067
06-22-2021 @ 12:15:42 - Row :22 - Product imported successfully.
06-22-2021 @ 12:15:42 - Row :23 - Parsing item.
06-22-2021 @ 12:15:42 - Importing as new product ID:36910
06-22-2021 @ 12:15:42 - Row :23 - Processing item.
06-22-2021 @ 12:15:42 - Found simple product object. ID:36910
06-22-2021 @ 12:15:42 - Setting Featured Image. URL:https://shajao.com/wp-content/uploads/2020/09/img_5735___farah_tam_dblrZ-scaled.jpg
06-22-2021 @ 12:15:44 - Attachment ID:37068
06-22-2021 @ 12:15:45 - Row :23 - Product imported successfully.
06-22-2021 @ 12:15:45 - Row :24 - Parsing item.
06-22-2021 @ 12:15:45 - Importing as new product ID:36916
06-22-2021 @ 12:15:45 - Row :24 - Processing item.
06-22-2021 @ 12:15:45 - Found simple product object. ID:36916
06-22-2021 @ 12:15:45 - Setting Featured Image. URL:https://shajao.com/wp-content/uploads/2020/09/img_20200922_215356__Teaa1-scaled.jpg
06-22-2021 @ 12:15:52 - Attachment ID:37069
06-22-2021 @ 12:15:53 - Row :24 - Product imported successfully.
06-22-2021 @ 12:15:53 - Row :25 - Parsing item.
06-22-2021 @ 12:15:53 - Importing as new product ID:36918
06-22-2021 @ 12:15:53 - Row :25 - Processing item.
06-22-2021 @ 12:15:53 - Found simple product object. ID:36918
06-22-2021 @ 12:15:53 - Setting Featured Image. URL:https://shajao.com/wp-content/uploads/2020/09/img_20200922_215457__8pGMt-scaled.jpg
06-22-2021 @ 12:15:57 - Attachment ID:37070
06-22-2021 @ 12:15:57 - Row :25 - Product imported successfully.
06-22-2021 @ 12:15:57 - Row :26 - Parsing item.
06-22-2021 @ 12:15:58 - Importing as new product ID:36920
06-22-2021 @ 12:15:58 - Row :26 - Processing item.
06-22-2021 @ 12:15:58 - Found simple product object. ID:36920
06-22-2021 @ 12:15:58 - Setting Featured Image. URL:https://shajao.com/wp-content/uploads/2020/09/img_20200922_210955__pw8Rz-scaled.jpg
06-22-2021 @ 12:16:01 - Attachment ID:37071
06-22-2021 @ 12:16:02 - Row :26 - Product imported successfully.
06-22-2021 @ 12:16:02 - Row :27 - Parsing item.
06-22-2021 @ 12:16:02 - Importing as new product ID:36922
06-22-2021 @ 12:16:02 - Row :27 - Processing item.
06-22-2021 @ 12:16:02 - Found simple product object. ID:36922
06-22-2021 @ 12:16:02 - Setting Featured Image. URL:https://shajao.com/wp-content/uploads/2020/09/img_20200922_215335__6TMrg-scaled.jpg
06-22-2021 @ 12:16:06 - Attachment ID:37072
06-22-2021 @ 12:16:06 - Row :27 - Product imported successfully.
06-22-2021 @ 12:16:06 - Row :28 - Parsing item.
06-22-2021 @ 12:16:06 - Importing as new product ID:36924
06-22-2021 @ 12:16:06 - Row :28 - Processing item.
06-22-2021 @ 12:16:06 - Found simple product object. ID:36924
06-22-2021 @ 12:16:06 - Setting Featured Image. URL:https://shajao.com/wp-content/uploads/2020/09/img_20200922_215735__gK6vw-scaled.jpg
06-22-2021 @ 12:16:09 - Attachment ID:37073
06-22-2021 @ 12:16:09 - Row :28 - Product imported successfully.
06-22-2021 @ 12:16:09 - Row :29 - Parsing item.
06-22-2021 @ 12:16:09 - Importing as new product ID:36940
06-22-2021 @ 12:16:09 - Row :29 - Processing item.
06-22-2021 @ 12:16:09 - Found simple product object. ID:36940
06-22-2021 @ 12:16:09 - Setting Featured Image. URL:https://shajao.com/wp-content/uploads/2020/09/5-10-scaled.jpg
06-22-2021 @ 12:16:12 - Attachment ID:37074
06-22-2021 @ 12:16:12 - Setting Gallery Images.
06-22-2021 @ 12:16:12 - Image URL:https://shajao.com/wp-content/uploads/2020/09/img_20200923_000312__fR1rl.jpg
06-22-2021 @ 12:16:14 - Attachment ID:37075
06-22-2021 @ 12:16:14 - Row :29 - Product imported successfully.
06-22-2021 @ 12:16:14 - Row :30 - Parsing item.
06-22-2021 @ 12:16:14 - Importing as new product ID:36943
06-22-2021 @ 12:16:14 - Row :30 - Processing item.
06-22-2021 @ 12:16:14 - Found simple product object. ID:36943
06-22-2021 @ 12:16:14 - Setting Featured Image. URL:https://shajao.com/wp-content/uploads/2020/09/img_20200923_001903__84EIl-scaled.jpg
06-22-2021 @ 12:16:17 - Attachment ID:37076
06-22-2021 @ 12:16:17 - Setting Gallery Images.
06-22-2021 @ 12:16:17 - Image URL:https://shajao.com/wp-content/uploads/2020/09/img_20200923_000312__EjSTk.jpg
06-22-2021 @ 12:16:24 - Attachment ID:37077
06-22-2021 @ 12:16:24 - Row :30 - Product imported successfully.
06-22-2021 @ 12:16:27 - Preparing for import.
06-22-2021 @ 12:16:27 - Row :31 - Parsing item.
06-22-2021 @ 12:16:27 - Importing as new product ID:36946
06-22-2021 @ 12:16:27 - Row :31 - Processing item.
06-22-2021 @ 12:16:27 - Found simple product object. ID:36946
06-22-2021 @ 12:16:27 - Setting Featured Image. URL:https://shajao.com/wp-content/uploads/2020/09/img_20200923_001913__LsnLq-scaled.jpg
06-22-2021 @ 12:16:30 - Attachment ID:37078
06-22-2021 @ 12:16:30 - Setting Gallery Images.
06-22-2021 @ 12:16:30 - Image URL:https://shajao.com/wp-content/uploads/2020/09/img_20200923_000154__EGKdC.jpg
06-22-2021 @ 12:16:32 - Attachment ID:37079
06-22-2021 @ 12:16:32 - Row :31 - Product imported successfully.
06-22-2021 @ 12:16:32 - Row :32 - Parsing item.
06-22-2021 @ 12:16:32 - Importing as new product ID:36949
06-22-2021 @ 12:16:32 - Row :32 - Processing item.
06-22-2021 @ 12:16:32 - Found simple product object. ID:36949
06-22-2021 @ 12:16:32 - Setting Featured Image. URL:https://shajao.com/wp-content/uploads/2020/09/img_20200923_013921__eIGJk.jpg
06-22-2021 @ 12:16:34 - Attachment ID:37080
06-22-2021 @ 12:16:34 - Setting Gallery Images.
06-22-2021 @ 12:16:34 - Image URL:https://shajao.com/wp-content/uploads/2020/09/img_20200923_0003120_aQMQl.jpg
06-22-2021 @ 12:16:36 - Attachment ID:37081
06-22-2021 @ 12:16:37 - Row :32 - Product imported successfully.
06-22-2021 @ 12:16:37 - Row :33 - Parsing item.
06-22-2021 @ 12:16:37 - Importing as new product ID:36952
06-22-2021 @ 12:16:37 - Row :33 - Processing item.
06-22-2021 @ 12:16:37 - Found simple product object. ID:36952
06-22-2021 @ 12:16:37 - Setting Featured Image. URL:https://shajao.com/wp-content/uploads/2020/09/img_20200923_001826__9dJ0m-scaled.jpg
06-22-2021 @ 12:16:45 - Attachment ID:37082
06-22-2021 @ 12:16:45 - Setting Gallery Images.
06-22-2021 @ 12:16:45 - Image URL:https://shajao.com/wp-content/uploads/2020/09/img_20200923_000312__gUXrG.jpg
06-22-2021 @ 12:16:47 - Attachment ID:37083
06-22-2021 @ 12:16:47 - Row :33 - Product imported successfully.
06-22-2021 @ 12:16:47 - Row :34 - Parsing item.
06-22-2021 @ 12:16:47 - Importing as new product ID:36969
06-22-2021 @ 12:16:47 - Row :34 - Processing item.
06-22-2021 @ 12:16:47 - Found simple product object. ID:36969
06-22-2021 @ 12:16:47 - Setting Featured Image. URL:https://shajao.com/wp-content/uploads/2020/09/img_20200921_230443__VJPV3-scaled.jpg
06-22-2021 @ 12:16:49 - Attachment ID:37084
06-22-2021 @ 12:16:49 - Setting Gallery Images.
06-22-2021 @ 12:16:49 - Image URL:https://shajao.com/wp-content/uploads/2020/09/img_20200921_222045__dPnWo.jpg
06-22-2021 @ 12:16:51 - Attachment ID:37085
06-22-2021 @ 12:16:52 - Row :34 - Product imported successfully.
06-22-2021 @ 12:16:52 - Row :35 - Parsing item.
06-22-2021 @ 12:16:52 - Importing as new product ID:36972
06-22-2021 @ 12:16:52 - Row :35 - Processing item.
06-22-2021 @ 12:16:52 - Found simple product object. ID:36972
06-22-2021 @ 12:16:52 - Setting Featured Image. URL:https://shajao.com/wp-content/uploads/2020/09/img_20200921_231738__pPPdK-scaled.jpg
06-22-2021 @ 12:16:54 - Attachment ID:37086
06-22-2021 @ 12:16:54 - Setting Gallery Images.
06-22-2021 @ 12:16:54 - Image URL:https://shajao.com/wp-content/uploads/2020/09/img_20200921_232255__RCIQz.jpg
06-22-2021 @ 12:16:56 - Attachment ID:37087
06-22-2021 @ 12:16:56 - Row :35 - Product imported successfully.
06-22-2021 @ 12:16:56 - Row :36 - Parsing item.
06-22-2021 @ 12:16:56 - Importing as new product ID:36973
06-22-2021 @ 12:16:56 - Row :36 - Processing item.
06-22-2021 @ 12:16:56 - Found simple product object. ID:36973
06-22-2021 @ 12:16:56 - Setting Featured Image. URL:https://shajao.com/wp-content/uploads/2020/09/img_20200921_232235__Up3lC-scaled.jpg
06-22-2021 @ 12:16:59 - Attachment ID:37088
06-22-2021 @ 12:16:59 - Row :36 - Product imported successfully.
06-22-2021 @ 12:16:59 - Row :37 - Parsing item.
06-22-2021 @ 12:16:59 - Importing as new product ID:36974
06-22-2021 @ 12:16:59 - Row :37 - Processing item.
06-22-2021 @ 12:16:59 - Found simple product object. ID:36974
06-22-2021 @ 12:16:59 - Setting Featured Image. URL:https://shajao.com/wp-content/uploads/2020/09/20200919_113455___ma_nuzUV-scaled.jpg
06-22-2021 @ 12:17:02 - Attachment ID:37089
06-22-2021 @ 12:17:02 - Row :37 - Product imported successfully.
06-22-2021 @ 12:17:02 - Row :38 - Parsing item.
06-22-2021 @ 12:17:02 - Importing as new product ID:36983
06-22-2021 @ 12:17:02 - Row :38 - Processing item.
06-22-2021 @ 12:17:02 - Found simple product object. ID:36983
06-22-2021 @ 12:17:02 - Setting Featured Image. URL:https://shajao.com/wp-content/uploads/2020/09/20200919_113418___ma_vcONS-scaled.jpg
06-22-2021 @ 12:17:10 - Attachment ID:37090
06-22-2021 @ 12:17:10 - Row :38 - Product imported successfully.
06-22-2021 @ 12:17:10 - Row :39 - Parsing item.
06-22-2021 @ 12:17:10 - Importing as new product ID:36984
06-22-2021 @ 12:17:10 - Row :39 - Processing item.
06-22-2021 @ 12:17:10 - Found simple product object. ID:36984
06-22-2021 @ 12:17:10 - Setting Featured Image. URL:https://shajao.com/wp-content/uploads/2020/09/20200919_113626___ma_iH1hO-scaled.jpg
06-22-2021 @ 12:17:13 - Attachment ID:37091
06-22-2021 @ 12:17:13 - Row :39 - Product imported successfully.
06-22-2021 @ 12:17:13 - Row :40 - Parsing item.
06-22-2021 @ 12:17:13 - Importing as new product ID:36985
06-22-2021 @ 12:17:13 - Row :40 - Processing item.
06-22-2021 @ 12:17:13 - Found simple product object. ID:36985
06-22-2021 @ 12:17:13 - Setting Featured Image. URL:https://shajao.com/wp-content/uploads/2020/09/20200920_131915___md_ZYq0M-scaled.jpg
06-22-2021 @ 12:17:16 - Attachment ID:37092
06-22-2021 @ 12:17:16 - Row :40 - Product imported successfully.
06-22-2021 @ 12:17:19 - Preparing for import.
06-22-2021 @ 12:17:19 - Row :41 - Parsing item.
06-22-2021 @ 12:17:19 - Importing as new product ID:36991
06-22-2021 @ 12:17:19 - Row :41 - Processing item.
06-22-2021 @ 12:17:19 - Found simple product object. ID:36991
06-22-2021 @ 12:17:19 - Setting Featured Image. URL:https://shajao.com/wp-content/uploads/2020/09/20200920_132226___md_50IHB-1-scaled.jpg
06-22-2021 @ 12:17:22 - Attachment ID:37093
06-22-2021 @ 12:17:22 - Row :41 - Product imported successfully.
06-22-2021 @ 12:17:22 - Row :42 - Parsing item.
06-22-2021 @ 12:17:22 - Importing as new product ID:36996
06-22-2021 @ 12:17:22 - Row :42 - Processing item.
06-22-2021 @ 12:17:22 - Found simple product object. ID:36996
06-22-2021 @ 12:17:22 - Setting Featured Image. URL:https://shajao.com/wp-content/uploads/2020/09/20200920_132717___md_FTcw1-scaled.jpg
06-22-2021 @ 12:17:25 - Attachment ID:37094
06-22-2021 @ 12:17:25 - Row :42 - Product imported successfully.
06-22-2021 @ 12:17:25 - Row :43 - Parsing item.
06-22-2021 @ 12:17:25 - Importing as new product ID:36997
06-22-2021 @ 12:17:25 - Row :43 - Processing item.
06-22-2021 @ 12:17:25 - Found simple product object. ID:36997
06-22-2021 @ 12:17:25 - Setting Featured Image. URL:https://shajao.com/wp-content/uploads/2020/09/image-Ruhin-Mahbub-scaled.jpg
06-22-2021 @ 12:17:28 - Attachment ID:37095
06-22-2021 @ 12:17:28 - Row :43 - Product imported successfully.
06-22-2021 @ 12:17:28 - Row :44 - Parsing item.
06-22-2021 @ 12:17:28 - Importing as new product ID:37003
06-22-2021 @ 12:17:28 - Row :44 - Processing item.
06-22-2021 @ 12:17:28 - Found simple product object. ID:37003
06-22-2021 @ 12:17:28 - Setting Featured Image. URL:https://shajao.com/wp-content/uploads/2020/09/1-5-1-scaled.jpg
06-22-2021 @ 12:17:31 - Attachment ID:37096
06-22-2021 @ 12:17:31 - Row :44 - Product imported successfully.
06-22-2021 @ 12:17:31 - Row :45 - Parsing item.
06-22-2021 @ 12:17:31 - Importing as new product ID:37004
06-22-2021 @ 12:17:31 - Row :45 - Processing item.
06-22-2021 @ 12:17:31 - Found simple product object. ID:37004
06-22-2021 @ 12:17:31 - Setting Featured Image. URL:https://shajao.com/wp-content/uploads/2020/09/1-3-1-scaled.jpg
06-22-2021 @ 12:17:34 - Attachment ID:37097
06-22-2021 @ 12:17:34 - Row :45 - Product imported successfully.
06-22-2021 @ 12:17:34 - Row :46 - Parsing item.
06-22-2021 @ 12:17:34 - Importing as new product ID:37005
06-22-2021 @ 12:17:34 - Row :46 - Processing item.
06-22-2021 @ 12:17:34 - Found simple product object. ID:37005
06-22-2021 @ 12:17:34 - Setting Featured Image. URL:https://shajao.com/wp-content/uploads/2020/09/1-4-1-scaled.jpg
06-22-2021 @ 12:17:37 - Attachment ID:37098
06-22-2021 @ 12:17:37 - Row :46 - Product imported successfully.
06-22-2021 @ 12:17:37 - Row :47 - Parsing item.
06-22-2021 @ 12:17:38 - Importing as new product ID:37102
06-22-2021 @ 12:17:38 - Row :47 - Processing item.
06-22-2021 @ 12:17:38 - Found simple product object. ID:37102
06-22-2021 @ 12:17:38 - Setting Featured Image. URL:https://shajao.com/wp-content/uploads/2020/09/Real-Painting-Wooden-Border.jpg
06-22-2021 @ 12:17:40 - Attachment ID:37103
06-22-2021 @ 12:17:40 - Row :47 - Product imported successfully.
06-22-2021 @ 12:17:40 - Row :48 - Parsing item.
06-22-2021 @ 12:17:40 - Importing as new product ID:37119
06-22-2021 @ 12:17:40 - Row :48 - Processing item.
06-22-2021 @ 12:17:40 - Found simple product object. ID:37119
06-22-2021 @ 12:17:40 - Setting Featured Image. URL:https://shajao.com/wp-content/uploads/2020/09/Real-Painting-Wooden-Border.jpg
06-22-2021 @ 12:17:40 - Attachment ID:37103
06-22-2021 @ 12:17:40 - Row :48 - Product imported successfully.
06-22-2021 @ 12:17:40 - Row :49 - Parsing item.
06-22-2021 @ 12:17:40 - Importing as new product ID:37181
06-22-2021 @ 12:17:40 - Row :49 - Processing item.
06-22-2021 @ 12:17:40 - Found simple product object. ID:37181
06-22-2021 @ 12:17:40 - Setting Featured Image. URL:https://shajao.com/wp-content/uploads/2020/10/2-1.jpg
06-22-2021 @ 12:17:48 - Attachment ID:37182
06-22-2021 @ 12:17:48 - Row :49 - Product imported successfully.
06-22-2021 @ 12:17:48 - Row :50 - Parsing item.
06-22-2021 @ 12:17:48 - Importing as new product ID:37193
06-22-2021 @ 12:17:48 - Row :50 - Processing item.
06-22-2021 @ 12:17:48 - Found simple product object. ID:37193
06-22-2021 @ 12:17:48 - Setting Featured Image. URL:https://shajao.com/wp-content/uploads/2020/10/2-3.jpg
06-22-2021 @ 12:17:51 - Attachment ID:37194
06-22-2021 @ 12:17:51 - Row :50 - Product imported successfully.
06-22-2021 @ 12:17:54 - Preparing for import.
06-22-2021 @ 12:17:54 - Row :51 - Parsing item.
06-22-2021 @ 12:17:54 - Importing as new product ID:37195
06-22-2021 @ 12:17:54 - Row :51 - Processing item.
06-22-2021 @ 12:17:54 - Found simple product object. ID:37195
06-22-2021 @ 12:17:54 - Setting Featured Image. URL:https://shajao.com/wp-content/uploads/2020/10/2-4.jpg
06-22-2021 @ 12:18:01 - Attachment ID:37196
06-22-2021 @ 12:18:02 - Row :51 - Product imported successfully.
06-22-2021 @ 12:18:02 - Row :52 - Parsing item.
06-22-2021 @ 12:18:02 - Row :52 - Parsing failed. Reason: Product with same ID already exists. ID: 37195
06-22-2021 @ 12:18:02 - Row :53 - Parsing item.
06-22-2021 @ 12:18:02 - Importing as new product ID:37197
06-22-2021 @ 12:18:02 - Row :53 - Processing item.
06-22-2021 @ 12:18:02 - Found simple product object. ID:37197
06-22-2021 @ 12:18:02 - Setting Featured Image. URL:https://shajao.com/wp-content/uploads/2020/10/2-6.jpg
06-22-2021 @ 12:18:04 - Attachment ID:37198
06-22-2021 @ 12:18:04 - Row :53 - Product imported successfully.
06-22-2021 @ 12:18:04 - Row :54 - Parsing item.
06-22-2021 @ 12:18:04 - Row :54 - Parsing failed. Reason: Product with same ID already exists. ID: 37197
06-22-2021 @ 12:18:04 - Row :55 - Parsing item.
06-22-2021 @ 12:18:04 - Importing as new product ID:37199
06-22-2021 @ 12:18:04 - Row :55 - Processing item.
06-22-2021 @ 12:18:04 - Found simple product object. ID:37199
06-22-2021 @ 12:18:04 - Setting Featured Image. URL:https://shajao.com/wp-content/uploads/2020/10/3__7_.jpg
06-22-2021 @ 12:18:06 - Attachment ID:37200
06-22-2021 @ 12:18:07 - Row :55 - Product imported successfully.
06-22-2021 @ 12:18:07 - Row :56 - Parsing item.
06-22-2021 @ 12:18:07 - Importing as new product ID:37206
06-22-2021 @ 12:18:07 - Row :56 - Processing item.
06-22-2021 @ 12:18:07 - Found simple product object. ID:37206
06-22-2021 @ 12:18:07 - Setting Featured Image. URL:https://shajao.com/wp-content/uploads/2020/10/3-2.jpg
06-22-2021 @ 12:18:14 - Attachment ID:37207
06-22-2021 @ 12:18:14 - Row :56 - Product imported successfully.
06-22-2021 @ 12:18:14 - Row :57 - Parsing item.
06-22-2021 @ 12:18:14 - Importing as new product ID:37208
06-22-2021 @ 12:18:14 - Row :57 - Processing item.
06-22-2021 @ 12:18:14 - Found simple product object. ID:37208
06-22-2021 @ 12:18:14 - Setting Featured Image. URL:https://shajao.com/wp-content/uploads/2020/10/3__6_.jpg
06-22-2021 @ 12:18:16 - Attachment ID:37209
06-22-2021 @ 12:18:17 - Row :57 - Product imported successfully.
06-22-2021 @ 12:18:17 - Row :58 - Parsing item.
06-22-2021 @ 12:18:17 - Importing as new product ID:37210
06-22-2021 @ 12:18:17 - Row :58 - Processing item.
06-22-2021 @ 12:18:17 - Found simple product object. ID:37210
06-22-2021 @ 12:18:17 - Setting Featured Image. URL:https://shajao.com/wp-content/uploads/2020/10/3-1.jpg
06-22-2021 @ 12:18:19 - Attachment ID:37211
06-22-2021 @ 12:18:19 - Row :58 - Product imported successfully.
06-22-2021 @ 12:18:19 - Row :59 - Parsing item.
06-22-2021 @ 12:18:19 - Row :59 - Parsing failed. Reason: Product with same ID already exists. ID: 37210
06-22-2021 @ 12:18:19 - Row :60 - Parsing item.
06-22-2021 @ 12:18:19 - Importing as new product ID:37234
06-22-2021 @ 12:18:19 - Row :60 - Processing item.
06-22-2021 @ 12:18:19 - Found simple product object. ID:37234
06-22-2021 @ 12:18:19 - Setting Featured Image. URL:https://shajao.com/wp-content/uploads/2020/10/1-2.jpg
06-22-2021 @ 12:18:28 - Attachment ID:37235
06-22-2021 @ 12:18:28 - Row :60 - Product imported successfully.
06-22-2021 @ 12:18:31 - Preparing for import.
06-22-2021 @ 12:18:31 - Row :61 - Parsing item.
06-22-2021 @ 12:18:31 - Importing as new product ID:37238
06-22-2021 @ 12:18:31 - Row :61 - Processing item.
06-22-2021 @ 12:18:31 - Found simple product object. ID:37238
06-22-2021 @ 12:18:31 - Setting Featured Image. URL:https://shajao.com/wp-content/uploads/2020/10/3.jpg
06-22-2021 @ 12:18:33 - Attachment ID:37239
06-22-2021 @ 12:18:34 - Row :61 - Product imported successfully.
06-22-2021 @ 12:18:34 - Row :62 - Parsing item.
06-22-2021 @ 12:18:34 - Importing as new product ID:37288
06-22-2021 @ 12:18:34 - Row :62 - Processing item.
06-22-2021 @ 12:18:34 - Found simple product object. ID:37288
06-22-2021 @ 12:18:34 - Setting Featured Image. URL:https://shajao.com/wp-content/uploads/2020/10/5-1.jpg
06-22-2021 @ 12:18:36 - Attachment ID:37289
06-22-2021 @ 12:18:37 - Row :62 - Product imported successfully.
06-22-2021 @ 12:18:37 - Row :63 - Parsing item.
06-22-2021 @ 12:18:37 - Importing as new product ID:37295
06-22-2021 @ 12:18:37 - Row :63 - Processing item.
06-22-2021 @ 12:18:37 - Found simple product object. ID:37295
06-22-2021 @ 12:18:37 - Setting Featured Image. URL:https://shajao.com/wp-content/uploads/2020/10/5-2.jpg
06-22-2021 @ 12:18:39 - Attachment ID:37296
06-22-2021 @ 12:18:40 - Row :63 - Product imported successfully.
06-22-2021 @ 12:18:40 - Row :64 - Parsing item.
06-22-2021 @ 12:18:40 - Importing as new product ID:37297
06-22-2021 @ 12:18:40 - Row :64 - Processing item.
06-22-2021 @ 12:18:40 - Found simple product object. ID:37297
06-22-2021 @ 12:18:40 - Setting Featured Image. URL:https://shajao.com/wp-content/uploads/2020/10/5-3.jpg
06-22-2021 @ 12:18:48 - Attachment ID:37298
06-22-2021 @ 12:18:48 - Row :64 - Product imported successfully.
06-22-2021 @ 12:18:48 - Row :65 - Parsing item.
06-22-2021 @ 12:18:48 - Row :65 - Parsing failed. Reason: Product with same ID already exists. ID: 37297
06-22-2021 @ 12:18:48 - Row :66 - Parsing item.
06-22-2021 @ 12:18:48 - Importing as new product ID:37299
06-22-2021 @ 12:18:48 - Row :66 - Processing item.
06-22-2021 @ 12:18:48 - Found simple product object. ID:37299
06-22-2021 @ 12:18:48 - Setting Featured Image. URL:https://shajao.com/wp-content/uploads/2020/10/5__5_.jpg
06-22-2021 @ 12:18:51 - Attachment ID:37300
06-22-2021 @ 12:18:51 - Row :66 - Product imported successfully.
06-22-2021 @ 12:18:51 - Row :67 - Parsing item.
06-22-2021 @ 12:18:51 - Importing as new product ID:37815
06-22-2021 @ 12:18:51 - Row :67 - Processing item.
06-22-2021 @ 12:18:51 - Found simple product object. ID:37815
06-22-2021 @ 12:18:51 - Setting Featured Image. URL:https://shajao.com/wp-content/uploads/2020/10/wrapping-service-visual.jpg
06-22-2021 @ 12:18:51 - URL:https://shajao.com/wp-content/uploads/2020/10/wrapping-service-visual.jpg Reason:Invalid image: Sorry, this file type is not permitted for security reasons.
06-22-2021 @ 12:18:52 - Row :67 - Product imported successfully.
06-22-2021 @ 12:18:52 - Row :68 - Parsing item.
06-22-2021 @ 12:18:52 - Importing as new product ID:37821
06-22-2021 @ 12:18:52 - Row :68 - Processing item.
06-22-2021 @ 12:18:52 - Found simple product object. ID:37821
06-22-2021 @ 12:18:52 - Setting Featured Image. URL:https://shajao.com/wp-content/uploads/2020/10/frame-interior-service.jpg
06-22-2021 @ 12:19:00 - Attachment ID:37822
06-22-2021 @ 12:19:00 - Row :68 - Product imported successfully.
06-22-2021 @ 12:19:00 - Row :69 - Parsing item.
06-22-2021 @ 12:19:00 - Importing as new product ID:37879
06-22-2021 @ 12:19:00 - Row :69 - Processing item.
06-22-2021 @ 12:19:00 - Found simple product object. ID:37879
06-22-2021 @ 12:19:00 - Setting Featured Image. URL:https://shajao.com/wp-content/uploads/2020/11/ak-12-23x17-visual-Priceless-2.jpg
06-22-2021 @ 12:19:01 - Attachment ID:37880
06-22-2021 @ 12:19:01 - Row :69 - Product imported successfully.
06-22-2021 @ 12:19:01 - Row :70 - Parsing item.
06-22-2021 @ 12:19:01 - Importing as new product ID:37890
06-22-2021 @ 12:19:01 - Row :70 - Processing item.
06-22-2021 @ 12:19:01 - Found simple product object. ID:37890
06-22-2021 @ 12:19:01 - Setting Featured Image. URL:https://shajao.com/wp-content/uploads/2020/11/green-road2-3-part.jpg
06-22-2021 @ 12:19:04 - Attachment ID:37891
06-22-2021 @ 12:19:05 - Row :70 - Product imported successfully.
06-22-2021 @ 12:19:08 - Preparing for import.
06-22-2021 @ 12:19:08 - Row :71 - Parsing item.
06-22-2021 @ 12:19:08 - Importing as new product ID:41092
06-22-2021 @ 12:19:08 - Row :71 - Processing item.
06-22-2021 @ 12:19:08 - Found simple product object. ID:41092
06-22-2021 @ 12:19:08 - Setting Featured Image. URL:https://shajao.com/wp-content/uploads/2021/01/9-3.jpg
06-22-2021 @ 12:19:17 - Attachment ID:41093
06-22-2021 @ 12:19:17 - Row :71 - Product imported successfully.
06-22-2021 @ 12:19:17 - Row :72 - Parsing item.
06-22-2021 @ 12:19:17 - Importing as new product ID:41094
06-22-2021 @ 12:19:17 - Row :72 - Processing item.
06-22-2021 @ 12:19:18 - Found simple product object. ID:41094
06-22-2021 @ 12:19:18 - Setting Featured Image. URL:https://shajao.com/wp-content/uploads/2021/01/11-1.jpg
06-22-2021 @ 12:19:24 - Attachment ID:41095
06-22-2021 @ 12:19:24 - Row :72 - Product imported successfully.
06-22-2021 @ 12:19:24 - Row :73 - Parsing item.
06-22-2021 @ 12:19:24 - Importing as new product ID:41097
06-22-2021 @ 12:19:24 - Row :73 - Processing item.
06-22-2021 @ 12:19:24 - Found simple product object. ID:41097
06-22-2021 @ 12:19:24 - Setting Featured Image. URL:https://shajao.com/wp-content/uploads/2020/12/138317946_1352161908495237_6292399233028887069_o.jpg
06-22-2021 @ 12:19:27 - Attachment ID:41098
06-22-2021 @ 12:19:27 - Row :73 - Product imported successfully.
06-22-2021 @ 12:19:27 - Row :74 - Parsing item.
06-22-2021 @ 12:19:27 - Importing as new product ID:41099
06-22-2021 @ 12:19:27 - Row :74 - Processing item.
06-22-2021 @ 12:19:27 - Found simple product object. ID:41099
06-22-2021 @ 12:19:27 - Setting Featured Image. URL:https://shajao.com/wp-content/uploads/2021/01/5-2.jpg
06-22-2021 @ 12:19:31 - Attachment ID:41100
06-22-2021 @ 12:19:31 - Row :74 - Product imported successfully.
06-22-2021 @ 12:19:31 - Row :75 - Parsing item.
06-22-2021 @ 12:19:31 - Importing as new product ID:41102
06-22-2021 @ 12:19:31 - Row :75 - Processing item.
06-22-2021 @ 12:19:31 - Found simple product object. ID:41102
06-22-2021 @ 12:19:31 - Setting Featured Image. URL:https://shajao.com/wp-content/uploads/2021/01/3-2.jpg
06-22-2021 @ 12:19:47 - Attachment ID:41103
06-22-2021 @ 12:19:47 - Row :75 - Product imported successfully.
06-22-2021 @ 12:19:47 - Row :76 - Parsing item.
06-22-2021 @ 12:19:47 - Importing as new product ID:41272
06-22-2021 @ 12:19:47 - Row :76 - Processing item.
06-22-2021 @ 12:19:47 - Found simple product object. ID:41272
06-22-2021 @ 12:19:47 - Setting Featured Image. URL:https://shajao.com/wp-content/uploads/2020/12/kaba-2.jpg
06-22-2021 @ 12:19:50 - Attachment ID:41273
06-22-2021 @ 12:19:50 - Row :76 - Product imported successfully.
06-22-2021 @ 12:19:50 - Row :77 - Parsing item.
06-22-2021 @ 12:19:50 - Importing as new product ID:41301
06-22-2021 @ 12:19:50 - Row :77 - Processing item.
06-22-2021 @ 12:19:50 - Found simple product object. ID:41301
06-22-2021 @ 12:19:50 - Setting Featured Image. URL:https://shajao.com/wp-content/uploads/2020/12/ak.jpg
06-22-2021 @ 12:19:59 - Attachment ID:41302
06-22-2021 @ 12:20:00 - Row :77 - Product imported successfully.
06-22-2021 @ 12:20:00 - Row :78 - Parsing item.
06-22-2021 @ 12:20:00 - Importing as new product ID:41303
06-22-2021 @ 12:20:00 - Row :78 - Processing item.
06-22-2021 @ 12:20:00 - Found simple product object. ID:41303
06-22-2021 @ 12:20:00 - Setting Featured Image. URL:https://shajao.com/wp-content/uploads/2020/12/bismillah-2.jpg
06-22-2021 @ 12:20:01 - Attachment ID:41304
06-22-2021 @ 12:20:02 - Row :78 - Product imported successfully.
06-22-2021 @ 12:20:02 - Row :79 - Parsing item.
06-22-2021 @ 12:20:02 - Importing as new product ID:41755
06-22-2021 @ 12:20:02 - Row :79 - Processing item.
06-22-2021 @ 12:20:02 - Found simple product object. ID:41755
06-22-2021 @ 12:20:02 - Setting Featured Image. URL:https://shajao.com/wp-content/uploads/2021/01/3d-.jpg
06-22-2021 @ 12:20:05 - Attachment ID:41756
06-22-2021 @ 12:20:05 - Row :79 - Product imported successfully.
06-22-2021 @ 12:20:05 - Row :80 - Parsing item.
06-22-2021 @ 12:20:05 - Importing as new product ID:41771
06-22-2021 @ 12:20:05 - Row :80 - Processing item.
06-22-2021 @ 12:20:05 - Found simple product object. ID:41771
06-22-2021 @ 12:20:05 - Setting Featured Image. URL:https://shajao.com/wp-content/uploads/2021/01/Untitled-1-3.jpg
06-22-2021 @ 12:20:06 - Attachment ID:41772
06-22-2021 @ 12:20:06 - Row :80 - Product imported successfully.
06-22-2021 @ 12:20:09 - Preparing for import.
06-22-2021 @ 12:20:09 - Row :81 - Parsing item.
06-22-2021 @ 12:20:09 - Importing as new product ID:41773
06-22-2021 @ 12:20:09 - Row :81 - Processing item.
06-22-2021 @ 12:20:09 - Found simple product object. ID:41773
06-22-2021 @ 12:20:09 - Setting Featured Image. URL:https://shajao.com/wp-content/uploads/2021/01/4-kul.jpg
06-22-2021 @ 12:20:11 - Attachment ID:41774
06-22-2021 @ 12:20:12 - Row :81 - Product imported successfully.
06-22-2021 @ 12:20:12 - Row :82 - Parsing item.
06-22-2021 @ 12:20:12 - Importing as new product ID:41775
06-22-2021 @ 12:20:12 - Row :82 - Processing item.
06-22-2021 @ 12:20:12 - Found simple product object. ID:41775
06-22-2021 @ 12:20:12 - Setting Featured Image. URL:https://shajao.com/wp-content/uploads/2021/01/red-leaf2.jpg
06-22-2021 @ 12:20:20 - Attachment ID:41776
06-22-2021 @ 12:20:20 - Row :82 - Product imported successfully.
06-22-2021 @ 12:20:20 - Row :83 - Parsing item.
06-22-2021 @ 12:20:20 - Importing as new product ID:41786
06-22-2021 @ 12:20:20 - Row :83 - Processing item.
06-22-2021 @ 12:20:20 - Found simple product object. ID:41786
06-22-2021 @ 12:20:20 - Setting Featured Image. URL:https://shajao.com/wp-content/uploads/2021/01/ak-allah-muhammad2-34x23-1.jpg
06-22-2021 @ 12:20:23 - Attachment ID:41787
06-22-2021 @ 12:20:23 - Setting Gallery Images.
06-22-2021 @ 12:20:23 - Image URL:https://shajao.com/wp-content/uploads/2021/01/edit.jpg
06-22-2021 @ 12:20:31 - Attachment ID:41788
06-22-2021 @ 12:20:31 - Image URL:https://shajao.com/wp-content/uploads/2021/01/edit-2.jpg
06-22-2021 @ 12:20:34 - Attachment ID:41789
06-22-2021 @ 12:20:34 - Row :83 - Product imported successfully.
06-22-2021 @ 12:20:34 - Row :84 - Parsing item.
06-22-2021 @ 12:20:34 - Importing as new product ID:41790
06-22-2021 @ 12:20:34 - Row :84 - Processing item.
06-22-2021 @ 12:20:34 - Found simple product object. ID:41790
06-22-2021 @ 12:20:34 - Setting Featured Image. URL:https://shajao.com/wp-content/uploads/2021/01/bismillah2-22x16-1.jpg
06-22-2021 @ 12:20:35 - URL:https://shajao.com/wp-content/uploads/2021/01/bismillah2-22x16-1.jpg Reason:Invalid image: Sorry, this file type is not permitted for security reasons.
06-22-2021 @ 12:20:35 - Row :84 - Product imported successfully.
06-22-2021 @ 12:20:35 - Row :85 - Parsing item.
06-22-2021 @ 12:20:35 - Importing as new product ID:41794
06-22-2021 @ 12:20:35 - Row :85 - Processing item.
06-22-2021 @ 12:20:35 - Found simple product object. ID:41794
06-22-2021 @ 12:20:35 - Setting Featured Image. URL:https://shajao.com/wp-content/uploads/2021/01/canvas-set.jpg
06-22-2021 @ 12:20:37 - Attachment ID:41795
06-22-2021 @ 12:20:37 - Row :85 - Product imported successfully.
06-22-2021 @ 12:20:37 - Row :86 - Parsing item.
06-22-2021 @ 12:20:37 - Importing as new product ID:41802
06-22-2021 @ 12:20:37 - Row :86 - Processing item.
06-22-2021 @ 12:20:37 - Found simple product object. ID:41802
06-22-2021 @ 12:20:37 - Setting Featured Image. URL:https://shajao.com/wp-content/uploads/2021/01/15-2.jpg
06-22-2021 @ 12:20:40 - Attachment ID:41803
06-22-2021 @ 12:20:41 - Row :86 - Product imported successfully.
06-22-2021 @ 12:20:41 - Row :87 - Parsing item.
06-22-2021 @ 12:20:41 - Importing as new product ID:42286
06-22-2021 @ 12:20:41 - Row :87 - Processing item.
06-22-2021 @ 12:20:41 - Found simple product object. ID:42286
06-22-2021 @ 12:20:41 - Setting Featured Image. URL:https://shajao.com/wp-content/uploads/2021/01/flowers-feather-2.jpg
06-22-2021 @ 12:20:42 - Attachment ID:42287
06-22-2021 @ 12:20:42 - Row :87 - Product imported successfully.
06-22-2021 @ 12:20:42 - Row :88 - Parsing item.
06-22-2021 @ 12:20:42 - Importing as new product ID:42290
06-22-2021 @ 12:20:42 - Row :88 - Processing item.
06-22-2021 @ 12:20:42 - Found simple product object. ID:42290
06-22-2021 @ 12:20:42 - Setting Featured Image. URL:https://shajao.com/wp-content/uploads/2021/01/3-tasbih-new-Design-2.jpg
06-22-2021 @ 12:20:46 - Attachment ID:42291
06-22-2021 @ 12:20:46 - Row :88 - Product imported successfully.
06-22-2021 @ 12:20:46 - Row :89 - Parsing item.
06-22-2021 @ 12:20:46 - Importing as new product ID:42426
06-22-2021 @ 12:20:46 - Row :89 - Processing item.
06-22-2021 @ 12:20:46 - Found simple product object. ID:42426
06-22-2021 @ 12:20:46 - Setting Featured Image. URL:https://shajao.com/wp-content/uploads/2021/01/3-kul2-12-01-2021.jpg
06-22-2021 @ 12:20:53 - Attachment ID:42427
06-22-2021 @ 12:20:53 - Setting Gallery Images.
06-22-2021 @ 12:20:53 - Image URL:https://shajao.com/wp-content/uploads/2021/01/2-5.jpg
06-22-2021 @ 12:20:56 - Attachment ID:42428
06-22-2021 @ 12:20:56 - Image URL:https://shajao.com/wp-content/uploads/2021/01/3-4.jpg
06-22-2021 @ 12:20:59 - Attachment ID:42429
06-22-2021 @ 12:20:59 - Image URL:https://shajao.com/wp-content/uploads/2021/01/4-4.jpg
06-22-2021 @ 12:21:03 - Attachment ID:42430
06-22-2021 @ 12:21:03 - Row :89 - Product imported successfully.
06-22-2021 @ 12:21:03 - Row :90 - Parsing item.
06-22-2021 @ 12:21:03 - Importing as new product ID:42431
06-22-2021 @ 12:21:03 - Row :90 - Processing item.
06-22-2021 @ 12:21:03 - Found simple product object. ID:42431
06-22-2021 @ 12:21:03 - Setting Featured Image. URL:https://shajao.com/wp-content/uploads/2021/01/nn.jpg
06-22-2021 @ 12:21:05 - Attachment ID:42432
06-22-2021 @ 12:21:05 - Row :90 - Product imported successfully.
06-22-2021 @ 12:21:08 - Preparing for import.
06-22-2021 @ 12:21:08 - Row :91 - Parsing item.
06-22-2021 @ 12:21:08 - Importing as new product ID:42433
06-22-2021 @ 12:21:08 - Row :91 - Processing item.
06-22-2021 @ 12:21:08 - Found simple product object. ID:42433
06-22-2021 @ 12:21:08 - Setting Featured Image. URL:https://shajao.com/wp-content/uploads/2021/01/ayatul-kursi2-16x22-1.jpg
06-22-2021 @ 12:21:10 - Attachment ID:42434
06-22-2021 @ 12:21:11 - Row :91 - Product imported successfully.
06-22-2021 @ 12:21:11 - Row :92 - Parsing item.
06-22-2021 @ 12:21:11 - Importing as new product ID:42893
06-22-2021 @ 12:21:11 - Row :92 - Processing item.
06-22-2021 @ 12:21:11 - Found simple product object. ID:42893
06-22-2021 @ 12:21:11 - Setting Featured Image. URL:https://shajao.com/wp-content/uploads/2021/01/22.jpg
06-22-2021 @ 12:21:12 - Attachment ID:42894
06-22-2021 @ 12:21:12 - Row :92 - Product imported successfully.
06-22-2021 @ 12:21:12 - Row :93 - Parsing item.
06-22-2021 @ 12:21:12 - Importing as new product ID:42900
06-22-2021 @ 12:21:12 - Row :93 - Processing item.
06-22-2021 @ 12:21:12 - Found simple product object. ID:42900
06-22-2021 @ 12:21:12 - Setting Featured Image. URL:https://shajao.com/wp-content/uploads/2021/01/ak-3-scaled.jpg
06-22-2021 @ 12:21:13 - URL:https://shajao.com/wp-content/uploads/2021/01/ak-3-scaled.jpg Reason:Invalid image: Sorry, this file type is not permitted for security reasons.
06-22-2021 @ 12:21:13 - Setting Gallery Images.
06-22-2021 @ 12:21:13 - Image URL:https://shajao.com/wp-content/uploads/2021/01/ak-32-scaled.jpg
06-22-2021 @ 12:21:15 - Attachment ID:42901
06-22-2021 @ 12:21:16 - Row :93 - Product imported successfully.
06-22-2021 @ 12:21:16 - Row :94 - Parsing item.
06-22-2021 @ 12:21:16 - Importing as new product ID:43332
06-22-2021 @ 12:21:16 - Row :94 - Processing item.
06-22-2021 @ 12:21:16 - Found simple product object. ID:43332
06-22-2021 @ 12:21:16 - Setting Featured Image. URL:https://shajao.com/wp-content/uploads/2021/01/Untitled-1.jpgnew.jpg
06-22-2021 @ 12:21:18 - Attachment ID:43333
06-22-2021 @ 12:21:18 - Setting Gallery Images.
06-22-2021 @ 12:21:18 - Image URL:https://shajao.com/wp-content/uploads/2021/01/Untitled-1-2.jpg
06-22-2021 @ 12:21:21 - Attachment ID:43334
06-22-2021 @ 12:21:21 - Image URL:https://shajao.com/wp-content/uploads/2021/01/side1.jpg
06-22-2021 @ 12:21:29 - Attachment ID:43335
06-22-2021 @ 12:21:29 - Image URL:https://shajao.com/wp-content/uploads/2021/01/hexagon-shelf-size.jpg
06-22-2021 @ 12:21:31 - Attachment ID:43336
06-22-2021 @ 12:21:31 - Image URL:https://shajao.com/wp-content/uploads/2021/01/Untitled-4-1.jpg
06-22-2021 @ 12:21:34 - Attachment ID:43337
06-22-2021 @ 12:21:34 - Image URL:https://shajao.com/wp-content/uploads/2021/01/hexagon-shelf-a-1.jpg
06-22-2021 @ 12:21:42 - Attachment ID:43338
06-22-2021 @ 12:21:42 - Image URL:https://shajao.com/wp-content/uploads/2021/01/Untitled-1_0000_Layer-1.jpg
06-22-2021 @ 12:21:44 - Attachment ID:43339
06-22-2021 @ 12:21:44 - Image URL:https://shajao.com/wp-content/uploads/2021/01/Untitled-1_0001_20210224_105326.jpg
06-22-2021 @ 12:21:47 - Attachment ID:43340
06-22-2021 @ 12:21:47 - Image URL:https://shajao.com/wp-content/uploads/2021/01/Untitled-1_0002_20210224_105250.jpg
06-22-2021 @ 12:21:54 - Attachment ID:43341
06-22-2021 @ 12:21:54 - Image URL:https://shajao.com/wp-content/uploads/2021/01/Untitled-1_0003_Layer-2.jpg
06-22-2021 @ 12:21:56 - Attachment ID:43342
06-22-2021 @ 12:21:57 - Row :94 - Product imported successfully.
06-22-2021 @ 12:21:57 - Row :95 - Parsing item.
06-22-2021 @ 12:21:57 - Importing as new product ID:43585
06-22-2021 @ 12:21:57 - Row :95 - Processing item.
06-22-2021 @ 12:21:57 - Found simple product object. ID:43585
06-22-2021 @ 12:21:57 - Setting Featured Image. URL:https://shajao.com/wp-content/uploads/2021/02/islamic-combo-ad2.jpg
06-22-2021 @ 12:22:03 - URL:https://shajao.com/wp-content/uploads/2021/02/islamic-combo-ad2.jpg Reason:Invalid image: Sorry, this file type is not permitted for security reasons.
06-22-2021 @ 12:22:03 - Setting Gallery Images.
06-22-2021 @ 12:22:03 - Image URL:https://shajao.com/wp-content/uploads/2021/02/Untitled-2_0001_february-combo-3.jpg
06-22-2021 @ 12:22:05 - Attachment ID:43586
06-22-2021 @ 12:22:05 - Image URL:https://shajao.com/wp-content/uploads/2021/02/Untitled-2_0002_february-combo-2.jpg
06-22-2021 @ 12:22:08 - Attachment ID:43587
06-22-2021 @ 12:22:08 - Image URL:https://shajao.com/wp-content/uploads/2021/02/Untitled-2_0003_february-combo-1.jpg
06-22-2021 @ 12:22:11 - Attachment ID:43588
06-22-2021 @ 12:22:11 - Image URL:https://shajao.com/wp-content/uploads/2021/02/Untitled-2_0000_february-combo-6.jpg
06-22-2021 @ 12:22:14 - Attachment ID:43589
06-22-2021 @ 12:22:14 - Row :95 - Product imported successfully.
06-22-2021 @ 12:22:14 - Row :96 - Parsing item.
06-22-2021 @ 12:22:14 - Importing as new product ID:43607
06-22-2021 @ 12:22:14 - Row :96 - Processing item.
06-22-2021 @ 12:22:14 - Found simple product object. ID:43607
06-22-2021 @ 12:22:14 - Setting Featured Image. URL:https://shajao.com/wp-content/uploads/2021/02/canvas-islamic-combo-2.jpg
06-22-2021 @ 12:22:16 - Attachment ID:43608
06-22-2021 @ 12:22:16 - Setting Gallery Images.
06-22-2021 @ 12:22:16 - Image URL:https://shajao.com/wp-content/uploads/2021/02/1_0000_20210213_142200.jpg
06-22-2021 @ 12:22:17 - Attachment ID:43609
06-22-2021 @ 12:22:17 - Image URL:https://shajao.com/wp-content/uploads/2021/02/1_0002_20210213_142048.jpg
06-22-2021 @ 12:22:19 - Attachment ID:43610
06-22-2021 @ 12:22:19 - Image URL:https://shajao.com/wp-content/uploads/2021/02/1_0003_20210213_142024-1.jpg
06-22-2021 @ 12:22:21 - Attachment ID:43611
06-22-2021 @ 12:22:21 - Image URL:https://shajao.com/wp-content/uploads/2021/02/1_0004_20210213_142002.jpg
06-22-2021 @ 12:22:23 - Attachment ID:43612
06-22-2021 @ 12:22:23 - Image URL:https://shajao.com/wp-content/uploads/2021/02/1_0005_20210213_141952.jpg
06-22-2021 @ 12:22:25 - Attachment ID:43613
06-22-2021 @ 12:22:25 - Row :96 - Product imported successfully.
06-22-2021 @ 12:22:25 - Row :97 - Parsing item.
06-22-2021 @ 12:22:25 - Importing as new product ID:43626
06-22-2021 @ 12:22:25 - Row :97 - Processing item.
06-22-2021 @ 12:22:25 - Found simple product object. ID:43626
06-22-2021 @ 12:22:25 - Setting Featured Image. URL:https://shajao.com/wp-content/uploads/2021/02/glass-islamic-combo-2.jpg
06-22-2021 @ 12:22:35 - Attachment ID:43627
06-22-2021 @ 12:22:35 - Setting Gallery Images.
06-22-2021 @ 12:22:35 - Image URL:https://shajao.com/wp-content/uploads/2021/02/20210209_185548-scaled.jpg
06-22-2021 @ 12:22:42 - Attachment ID:43628
06-22-2021 @ 12:22:43 - Row :97 - Product imported successfully.
06-22-2021 @ 12:22:43 - Row :98 - Parsing item.
06-22-2021 @ 12:22:43 - Importing as new product ID:43926
06-22-2021 @ 12:22:43 - Row :98 - Processing item.
06-22-2021 @ 12:22:43 - Found simple product object. ID:43926
06-22-2021 @ 12:22:43 - Setting Featured Image. URL:https://shajao.com/wp-content/uploads/2021/02/4-flower2-canvas-set-17x23-1.jpg
06-22-2021 @ 12:22:52 - Attachment ID:43927
06-22-2021 @ 12:22:52 - Setting Gallery Images.
06-22-2021 @ 12:22:52 - Image URL:https://shajao.com/wp-content/uploads/2021/02/Untitled-1_0000_Group-15-copy-7.jpg
06-22-2021 @ 12:23:00 - Attachment ID:43928
06-22-2021 @ 12:23:00 - Image URL:https://shajao.com/wp-content/uploads/2021/02/Untitled-1_0001_Group-15-copy-9.jpg
06-22-2021 @ 12:23:09 - Attachment ID:43929
06-22-2021 @ 12:23:09 - Image URL:https://shajao.com/wp-content/uploads/2021/02/Untitled-1_0002_Group-15-copy-5.jpg
06-22-2021 @ 12:23:17 - Attachment ID:43930
06-22-2021 @ 12:23:17 - Image URL:https://shajao.com/wp-content/uploads/2021/02/Untitled-1_0003_Group-15-copy-4.jpg
06-22-2021 @ 12:23:25 - Attachment ID:43931
06-22-2021 @ 12:23:26 - Row :98 - Product imported successfully.
06-22-2021 @ 12:23:26 - Row :99 - Parsing item.
06-22-2021 @ 12:23:26 - Importing as new product ID:43991
06-22-2021 @ 12:23:26 - Row :99 - Processing item.
06-22-2021 @ 12:23:26 - Found simple product object. ID:43991
06-22-2021 @ 12:23:26 - Setting Featured Image. URL:https://shajao.com/wp-content/uploads/2021/02/ayatul-kursi2.jpg
06-22-2021 @ 12:23:28 - Attachment ID:43992
06-22-2021 @ 12:23:29 - Row :99 - Product imported successfully.
06-22-2021 @ 12:23:29 - Row :100 - Parsing item.
06-22-2021 @ 12:23:29 - Importing as new product ID:43995
06-22-2021 @ 12:23:29 - Row :100 - Processing item.
06-22-2021 @ 12:23:29 - Found simple product object. ID:43995
06-22-2021 @ 12:23:29 - Setting Featured Image. URL:https://shajao.com/wp-content/uploads/2021/02/hexagon-mirror-set-3.jpg
06-22-2021 @ 12:23:31 - Attachment ID:43996
06-22-2021 @ 12:23:31 - Setting Gallery Images.
06-22-2021 @ 12:23:31 - Image URL:https://shajao.com/wp-content/uploads/2020/09/hexagon-mirror-close-visual.jpg
06-22-2021 @ 12:23:31 - Attachment ID:37035
06-22-2021 @ 12:23:31 - Image URL:https://shajao.com/wp-content/uploads/2021/02/Final_0005_IMG_4960.jpg
06-22-2021 @ 12:23:33 - Attachment ID:43997
06-22-2021 @ 12:23:33 - Image URL:https://shajao.com/wp-content/uploads/2021/02/Final_0016_IMG_4975.jpg
06-22-2021 @ 12:23:35 - Attachment ID:43998
06-22-2021 @ 12:23:35 - Image URL:https://shajao.com/wp-content/uploads/2021/02/Final_0017_IMG_4974-1.jpg
06-22-2021 @ 12:23:43 - Attachment ID:43999
06-22-2021 @ 12:23:43 - Image URL:https://shajao.com/wp-content/uploads/2021/02/1.jpg
06-22-2021 @ 12:23:50 - Attachment ID:44000
06-22-2021 @ 12:23:50 - Image URL:https://shajao.com/wp-content/uploads/2021/02/2.jpg
06-22-2021 @ 12:23:58 - Attachment ID:44001
06-22-2021 @ 12:23:58 - Image URL:https://shajao.com/wp-content/uploads/2021/02/3-1.jpg
06-22-2021 @ 12:24:05 - Attachment ID:44002
06-22-2021 @ 12:24:05 - Image URL:https://shajao.com/wp-content/uploads/2021/02/4.jpg
06-22-2021 @ 12:24:07 - Attachment ID:44003
06-22-2021 @ 12:24:08 - Row :100 - Product imported successfully.
06-22-2021 @ 12:24:11 - Preparing for import.
06-22-2021 @ 12:24:11 - Row :101 - Parsing item.
06-22-2021 @ 12:24:11 - Importing as new product ID:44004
06-22-2021 @ 12:24:11 - Row :101 - Processing item.
06-22-2021 @ 12:24:11 - Found simple product object. ID:44004
06-22-2021 @ 12:24:11 - Setting Featured Image. URL:https://shajao.com/wp-content/uploads/2021/02/colorful-flower2.jpg
06-22-2021 @ 12:24:15 - Attachment ID:44005
06-22-2021 @ 12:24:15 - Row :101 - Product imported successfully.
06-22-2021 @ 12:24:15 - Row :102 - Parsing item.
06-22-2021 @ 12:24:15 - Importing as new product ID:44119
06-22-2021 @ 12:24:15 - Row :102 - Processing item.
06-22-2021 @ 12:24:15 - Found simple product object. ID:44119
06-22-2021 @ 12:24:15 - Setting Featured Image. URL:https://shajao.com/wp-content/uploads/2021/02/ak-allah-muhammad-1.jpg
06-22-2021 @ 12:24:21 - Attachment ID:44120
06-22-2021 @ 12:24:21 - Setting Gallery Images.
06-22-2021 @ 12:24:21 - Image URL:https://shajao.com/wp-content/uploads/2021/02/1_0006_20210213_141824.jpg
06-22-2021 @ 12:24:23 - Attachment ID:44121
06-22-2021 @ 12:24:23 - Image URL:https://shajao.com/wp-content/uploads/2021/02/1_0007_20210213_141816.jpg
06-22-2021 @ 12:24:31 - Attachment ID:44122
06-22-2021 @ 12:24:31 - Image URL:https://shajao.com/wp-content/uploads/2021/02/1_0008_20210213_141803.jpg
06-22-2021 @ 12:24:39 - Attachment ID:44123
06-22-2021 @ 12:24:39 - Image URL:https://shajao.com/wp-content/uploads/2021/02/1_0010_20210213_141747.jpg
06-22-2021 @ 12:24:46 - Attachment ID:44124
06-22-2021 @ 12:24:46 - Image URL:https://shajao.com/wp-content/uploads/2021/02/1_0011_20210213_141659.jpg
06-22-2021 @ 12:24:48 - Attachment ID:44125
06-22-2021 @ 12:24:48 - Image URL:https://shajao.com/wp-content/uploads/2021/02/1_0013_20210213_141646.jpg
06-22-2021 @ 12:24:49 - Attachment ID:44126
06-22-2021 @ 12:24:50 - Row :102 - Product imported successfully.
06-22-2021 @ 12:24:50 - Row :103 - Parsing item.
06-22-2021 @ 12:24:50 - Importing as new product ID:44163
06-22-2021 @ 12:24:50 - Row :103 - Processing item.
06-22-2021 @ 12:24:50 - Found simple product object. ID:44163
06-22-2021 @ 12:24:50 - Setting Featured Image. URL:https://shajao.com/wp-content/uploads/2021/02/26.jpg
06-22-2021 @ 12:24:53 - Attachment ID:44164
06-22-2021 @ 12:24:54 - Row :103 - Product imported successfully.
06-22-2021 @ 12:24:54 - Row :104 - Parsing item.
06-22-2021 @ 12:24:54 - Importing as new product ID:44169
06-22-2021 @ 12:24:54 - Row :104 - Processing item.
06-22-2021 @ 12:24:54 - Found simple product object. ID:44169
06-22-2021 @ 12:24:54 - Setting Featured Image. URL:https://shajao.com/wp-content/uploads/2021/02/23.jpg
06-22-2021 @ 12:24:58 - Attachment ID:44170
06-22-2021 @ 12:24:58 - Row :104 - Product imported successfully.
06-22-2021 @ 12:24:58 - Row :105 - Parsing item.
06-22-2021 @ 12:24:58 - Importing as new product ID:44171
06-22-2021 @ 12:24:58 - Row :105 - Processing item.
06-22-2021 @ 12:24:58 - Found simple product object. ID:44171
06-22-2021 @ 12:24:58 - Setting Featured Image. URL:https://shajao.com/wp-content/uploads/2021/02/27.jpg
06-22-2021 @ 12:25:02 - Attachment ID:44172
06-22-2021 @ 12:25:02 - Row :105 - Product imported successfully.
06-22-2021 @ 12:25:02 - Row :106 - Parsing item.
06-22-2021 @ 12:25:02 - Importing as new product ID:44174
06-22-2021 @ 12:25:02 - Row :106 - Processing item.
06-22-2021 @ 12:25:02 - Found simple product object. ID:44174
06-22-2021 @ 12:25:02 - Setting Featured Image. URL:https://shajao.com/wp-content/uploads/2021/02/31.jpg
06-22-2021 @ 12:25:06 - Attachment ID:44175
06-22-2021 @ 12:25:07 - Row :106 - Product imported successfully.
06-22-2021 @ 12:25:07 - Row :107 - Parsing item.
06-22-2021 @ 12:25:07 - Importing as new product ID:44176
06-22-2021 @ 12:25:07 - Row :107 - Processing item.
06-22-2021 @ 12:25:07 - Found simple product object. ID:44176
06-22-2021 @ 12:25:07 - Setting Featured Image. URL:https://shajao.com/wp-content/uploads/2021/02/34.jpg
06-22-2021 @ 12:25:15 - Attachment ID:44177
06-22-2021 @ 12:25:16 - Row :107 - Product imported successfully.
06-22-2021 @ 12:25:16 - Row :108 - Parsing item.
06-22-2021 @ 12:25:16 - Importing as new product ID:44184
06-22-2021 @ 12:25:16 - Row :108 - Processing item.
06-22-2021 @ 12:25:16 - Found simple product object. ID:44184
06-22-2021 @ 12:25:16 - Setting Featured Image. URL:https://shajao.com/wp-content/uploads/2021/02/25.jpg
06-22-2021 @ 12:25:34 - Attachment ID:44185
06-22-2021 @ 12:25:35 - Row :108 - Product imported successfully.
06-22-2021 @ 12:25:35 - Row :109 - Parsing item.
06-22-2021 @ 12:25:35 - Importing as new product ID:44186
06-22-2021 @ 12:25:35 - Row :109 - Processing item.
06-22-2021 @ 12:25:35 - Found simple product object. ID:44186
06-22-2021 @ 12:25:35 - Setting Featured Image. URL:https://shajao.com/wp-content/uploads/2021/02/29.jpg
06-22-2021 @ 12:25:39 - Attachment ID:44187
06-22-2021 @ 12:25:39 - Row :109 - Product imported successfully.
06-22-2021 @ 12:25:40 - Row :110 - Parsing item.
06-22-2021 @ 12:25:40 - Importing as new product ID:44415
06-22-2021 @ 12:25:40 - Row :110 - Processing item.
06-22-2021 @ 12:25:40 - Found simple product object. ID:44415
06-22-2021 @ 12:25:40 - Setting Featured Image. URL:https://shajao.com/wp-content/uploads/2021/02/28.jpg
06-22-2021 @ 12:25:49 - Attachment ID:44416
06-22-2021 @ 12:25:49 - Row :110 - Product imported successfully.
06-22-2021 @ 12:25:53 - Preparing for import.
06-22-2021 @ 12:25:53 - Row :111 - Parsing item.
06-22-2021 @ 12:25:53 - Importing as new product ID:44417
06-22-2021 @ 12:25:53 - Row :111 - Processing item.
06-22-2021 @ 12:25:53 - Found simple product object. ID:44417
06-22-2021 @ 12:25:53 - Setting Featured Image. URL:https://shajao.com/wp-content/uploads/2021/01/9-3.jpg
06-22-2021 @ 12:25:53 - Attachment ID:41093
06-22-2021 @ 12:25:53 - Row :111 - Product imported successfully.
06-22-2021 @ 12:25:53 - Row :112 - Parsing item.
06-22-2021 @ 12:25:53 - Row :112 - Parsing failed. Reason: Product with same ID already exists. ID: 44417
06-22-2021 @ 12:25:53 - Row :113 - Parsing item.
06-22-2021 @ 12:25:54 - Importing as new product ID:44420
06-22-2021 @ 12:25:54 - Row :113 - Processing item.
06-22-2021 @ 12:25:54 - Found simple product object. ID:44420
06-22-2021 @ 12:25:54 - Setting Featured Image. URL:https://shajao.com/wp-content/uploads/2021/01/5-2.jpg
06-22-2021 @ 12:25:54 - Attachment ID:41100
06-22-2021 @ 12:25:54 - Row :113 - Product imported successfully.
06-22-2021 @ 12:25:54 - Row :114 - Parsing item.
06-22-2021 @ 12:25:54 - Importing as new product ID:44422
06-22-2021 @ 12:25:54 - Row :114 - Processing item.
06-22-2021 @ 12:25:54 - Found simple product object. ID:44422
06-22-2021 @ 12:25:54 - Setting Featured Image. URL:https://shajao.com/wp-content/uploads/2021/02/35.jpg
06-22-2021 @ 12:25:58 - Attachment ID:44423
06-22-2021 @ 12:25:58 - Row :114 - Product imported successfully.
06-22-2021 @ 12:25:58 - Row :115 - Parsing item.
06-22-2021 @ 12:25:58 - Importing as new product ID:44443
06-22-2021 @ 12:25:58 - Row :115 - Processing item.
06-22-2021 @ 12:25:58 - Found simple product object. ID:44443
06-22-2021 @ 12:25:58 - Setting Featured Image. URL:https://shajao.com/wp-content/uploads/2021/02/ak-3.jpg
06-22-2021 @ 12:26:06 - Attachment ID:44444
06-22-2021 @ 12:26:07 - Row :115 - Product imported successfully.
06-22-2021 @ 12:26:07 - Row :116 - Parsing item.
06-22-2021 @ 12:26:07 - Importing as new product ID:44445
06-22-2021 @ 12:26:07 - Row :116 - Processing item.
06-22-2021 @ 12:26:07 - Found simple product object. ID:44445
06-22-2021 @ 12:26:07 - Setting Featured Image. URL:https://shajao.com/wp-content/uploads/2021/02/ak-Bangla-Meaning.jpg
06-22-2021 @ 12:26:13 - Attachment ID:44446
06-22-2021 @ 12:26:13 - Row :116 - Product imported successfully.
06-22-2021 @ 12:26:13 - Row :117 - Parsing item.
06-22-2021 @ 12:26:13 - Row :117 - Parsing failed. Reason: Product with same ID already exists. ID: 44445
06-22-2021 @ 12:26:13 - Row :118 - Parsing item.
06-22-2021 @ 12:26:13 - Importing as new product ID:44447
06-22-2021 @ 12:26:13 - Row :118 - Processing item.
06-22-2021 @ 12:26:13 - Found simple product object. ID:44447
06-22-2021 @ 12:26:13 - Setting Featured Image. URL:https://shajao.com/wp-content/uploads/2021/02/ak-4.jpg
06-22-2021 @ 12:26:19 - Attachment ID:44448
06-22-2021 @ 12:26:20 - Row :118 - Product imported successfully.
06-22-2021 @ 12:26:20 - Row :119 - Parsing item.
06-22-2021 @ 12:26:20 - Importing as new product ID:44449
06-22-2021 @ 12:26:20 - Row :119 - Processing item.
06-22-2021 @ 12:26:20 - Found simple product object. ID:44449
06-22-2021 @ 12:26:20 - Setting Featured Image. URL:https://shajao.com/wp-content/uploads/2021/02/ak-10.jpg
06-22-2021 @ 12:26:23 - Attachment ID:44450
06-22-2021 @ 12:26:23 - Row :119 - Product imported successfully.
06-22-2021 @ 12:26:23 - Row :120 - Parsing item.
06-22-2021 @ 12:26:23 - Importing as new product ID:44451
06-22-2021 @ 12:26:23 - Row :120 - Processing item.
06-22-2021 @ 12:26:23 - Found simple product object. ID:44451
06-22-2021 @ 12:26:23 - Setting Featured Image. URL:https://shajao.com/wp-content/uploads/2021/02/ak14.jpg
06-22-2021 @ 12:26:26 - Attachment ID:44452
06-22-2021 @ 12:26:27 - Row :120 - Product imported successfully.
